{"C:\\Users\\bitan\\desktop\\example\\SQL_NODE\\server.js": {"path":"C:\\Users\\bitan\\desktop\\example\\SQL_NODE\\server.js","statementMap":{"0":{"start":{"line":1,"column":16},"end":{"line":1,"column":34}},"1":{"start":{"line":2,"column":12},"end":{"line":2,"column":28}},"2":{"start":{"line":3,"column":14},"end":{"line":3,"column":30}},"3":{"start":{"line":4,"column":0},"end":{"line":4,"column":27}},"4":{"start":{"line":6,"column":12},"end":{"line":6,"column":21}},"5":{"start":{"line":7,"column":13},"end":{"line":7,"column":17}},"6":{"start":{"line":9,"column":0},"end":{"line":9,"column":24}},"7":{"start":{"line":11,"column":0},"end":{"line":13,"column":2}},"8":{"start":{"line":12,"column":2},"end":{"line":12,"column":19}},"9":{"start":{"line":15,"column":0},"end":{"line":17,"column":2}},"10":{"start":{"line":16,"column":2},"end":{"line":16,"column":15}},"11":{"start":{"line":19,"column":0},"end":{"line":33,"column":3}},"12":{"start":{"line":20,"column":2},"end":{"line":32,"column":3}},"13":{"start":{"line":21,"column":21},"end":{"line":23,"column":5}},"14":{"start":{"line":25,"column":4},"end":{"line":28,"column":7}},"15":{"start":{"line":30,"column":4},"end":{"line":30,"column":36}},"16":{"start":{"line":31,"column":4},"end":{"line":31,"column":41}},"17":{"start":{"line":35,"column":0},"end":{"line":57,"column":3}},"18":{"start":{"line":36,"column":20},"end":{"line":36,"column":33}},"19":{"start":{"line":38,"column":2},"end":{"line":56,"column":3}},"20":{"start":{"line":39,"column":21},"end":{"line":41,"column":5}},"21":{"start":{"line":44,"column":4},"end":{"line":47,"column":7}},"22":{"start":{"line":49,"column":4},"end":{"line":53,"column":5}},"23":{"start":{"line":50,"column":6},"end":{"line":52,"column":9}},"24":{"start":{"line":54,"column":4},"end":{"line":54,"column":54}},"25":{"start":{"line":55,"column":4},"end":{"line":55,"column":41}},"26":{"start":{"line":59,"column":12},"end":{"line":59,"column":14}},"27":{"start":{"line":61,"column":0},"end":{"line":79,"column":3}},"28":{"start":{"line":62,"column":2},"end":{"line":78,"column":3}},"29":{"start":{"line":63,"column":21},"end":{"line":65,"column":5}},"30":{"start":{"line":67,"column":19},"end":{"line":67,"column":39}},"31":{"start":{"line":69,"column":4},"end":{"line":69,"column":23}},"32":{"start":{"line":70,"column":4},"end":{"line":70,"column":23}},"33":{"start":{"line":71,"column":4},"end":{"line":74,"column":7}},"34":{"start":{"line":76,"column":4},"end":{"line":76,"column":46}},"35":{"start":{"line":77,"column":4},"end":{"line":77,"column":41}},"36":{"start":{"line":81,"column":0},"end":{"line":92,"column":3}},"37":{"start":{"line":82,"column":2},"end":{"line":86,"column":3}},"38":{"start":{"line":83,"column":4},"end":{"line":85,"column":7}},"39":{"start":{"line":88,"column":2},"end":{"line":91,"column":5}},"40":{"start":{"line":94,"column":0},"end":{"line":121,"column":3}},"41":{"start":{"line":95,"column":17},"end":{"line":95,"column":34}},"42":{"start":{"line":97,"column":2},"end":{"line":101,"column":3}},"43":{"start":{"line":98,"column":4},"end":{"line":100,"column":7}},"44":{"start":{"line":103,"column":2},"end":{"line":120,"column":3}},"45":{"start":{"line":104,"column":21},"end":{"line":106,"column":5}},"46":{"start":{"line":108,"column":4},"end":{"line":111,"column":7}},"47":{"start":{"line":113,"column":4},"end":{"line":117,"column":5}},"48":{"start":{"line":114,"column":6},"end":{"line":116,"column":9}},"49":{"start":{"line":118,"column":4},"end":{"line":118,"column":48}},"50":{"start":{"line":119,"column":4},"end":{"line":119,"column":41}},"51":{"start":{"line":123,"column":0},"end":{"line":171,"column":3}},"52":{"start":{"line":124,"column":21},"end":{"line":124,"column":31}},"53":{"start":{"line":125,"column":38},"end":{"line":125,"column":46}},"54":{"start":{"line":128,"column":2},"end":{"line":132,"column":3}},"55":{"start":{"line":129,"column":4},"end":{"line":131,"column":7}},"56":{"start":{"line":135,"column":2},"end":{"line":139,"column":3}},"57":{"start":{"line":136,"column":4},"end":{"line":138,"column":7}},"58":{"start":{"line":142,"column":2},"end":{"line":170,"column":3}},"59":{"start":{"line":143,"column":21},"end":{"line":149,"column":5}},"60":{"start":{"line":152,"column":4},"end":{"line":159,"column":7}},"61":{"start":{"line":161,"column":4},"end":{"line":161,"column":52}},"62":{"start":{"line":163,"column":4},"end":{"line":167,"column":5}},"63":{"start":{"line":164,"column":6},"end":{"line":166,"column":9}},"64":{"start":{"line":169,"column":4},"end":{"line":169,"column":41}},"65":{"start":{"line":174,"column":0},"end":{"line":176,"column":3}},"66":{"start":{"line":175,"column":2},"end":{"line":175,"column":63}},"67":{"start":{"line":178,"column":0},"end":{"line":178,"column":21}}},"fnMap":{"0":{"name":"(anonymous_0)","decl":{"start":{"line":11,"column":10},"end":{"line":11,"column":11}},"loc":{"start":{"line":11,"column":22},"end":{"line":13,"column":1}},"line":11},"1":{"name":"(anonymous_1)","decl":{"start":{"line":15,"column":10},"end":{"line":15,"column":11}},"loc":{"start":{"line":15,"column":20},"end":{"line":17,"column":1}},"line":15},"2":{"name":"(anonymous_2)","decl":{"start":{"line":19,"column":21},"end":{"line":19,"column":22}},"loc":{"start":{"line":19,"column":41},"end":{"line":33,"column":1}},"line":19},"3":{"name":"(anonymous_3)","decl":{"start":{"line":35,"column":25},"end":{"line":35,"column":26}},"loc":{"start":{"line":35,"column":45},"end":{"line":57,"column":1}},"line":35},"4":{"name":"(anonymous_4)","decl":{"start":{"line":61,"column":19},"end":{"line":61,"column":20}},"loc":{"start":{"line":61,"column":39},"end":{"line":79,"column":1}},"line":61},"5":{"name":"(anonymous_5)","decl":{"start":{"line":81,"column":18},"end":{"line":81,"column":19}},"loc":{"start":{"line":81,"column":32},"end":{"line":92,"column":1}},"line":81},"6":{"name":"(anonymous_6)","decl":{"start":{"line":94,"column":26},"end":{"line":94,"column":27}},"loc":{"start":{"line":94,"column":46},"end":{"line":121,"column":1}},"line":94},"7":{"name":"(anonymous_7)","decl":{"start":{"line":123,"column":33},"end":{"line":123,"column":34}},"loc":{"start":{"line":123,"column":53},"end":{"line":171,"column":1}},"line":123},"8":{"name":"(anonymous_8)","decl":{"start":{"line":174,"column":17},"end":{"line":174,"column":18}},"loc":{"start":{"line":174,"column":23},"end":{"line":176,"column":1}},"line":174}},"branchMap":{"0":{"loc":{"start":{"line":49,"column":4},"end":{"line":53,"column":5}},"type":"if","locations":[{"start":{"line":49,"column":4},"end":{"line":53,"column":5}},{"start":{},"end":{}}],"line":49},"1":{"loc":{"start":{"line":49,"column":8},"end":{"line":49,"column":51}},"type":"binary-expr","locations":[{"start":{"line":49,"column":8},"end":{"line":49,"column":20}},{"start":{"line":49,"column":24},"end":{"line":49,"column":51}}],"line":49},"2":{"loc":{"start":{"line":82,"column":2},"end":{"line":86,"column":3}},"type":"if","locations":[{"start":{"line":82,"column":2},"end":{"line":86,"column":3}},{"start":{},"end":{}}],"line":82},"3":{"loc":{"start":{"line":97,"column":2},"end":{"line":101,"column":3}},"type":"if","locations":[{"start":{"line":97,"column":2},"end":{"line":101,"column":3}},{"start":{},"end":{}}],"line":97},"4":{"loc":{"start":{"line":113,"column":4},"end":{"line":117,"column":5}},"type":"if","locations":[{"start":{"line":113,"column":4},"end":{"line":117,"column":5}},{"start":{},"end":{}}],"line":113},"5":{"loc":{"start":{"line":113,"column":8},"end":{"line":113,"column":51}},"type":"binary-expr","locations":[{"start":{"line":113,"column":8},"end":{"line":113,"column":20}},{"start":{"line":113,"column":24},"end":{"line":113,"column":51}}],"line":113},"6":{"loc":{"start":{"line":125,"column":21},"end":{"line":125,"column":33}},"type":"default-arg","locations":[{"start":{"line":125,"column":32},"end":{"line":125,"column":33}}],"line":125},"7":{"loc":{"start":{"line":128,"column":2},"end":{"line":132,"column":3}},"type":"if","locations":[{"start":{"line":128,"column":2},"end":{"line":132,"column":3}},{"start":{},"end":{}}],"line":128},"8":{"loc":{"start":{"line":135,"column":2},"end":{"line":139,"column":3}},"type":"if","locations":[{"start":{"line":135,"column":2},"end":{"line":139,"column":3}},{"start":{},"end":{}}],"line":135},"9":{"loc":{"start":{"line":163,"column":4},"end":{"line":167,"column":5}},"type":"if","locations":[{"start":{"line":163,"column":4},"end":{"line":167,"column":5}},{"start":{},"end":{}}],"line":163},"10":{"loc":{"start":{"line":163,"column":8},"end":{"line":163,"column":51}},"type":"binary-expr","locations":[{"start":{"line":163,"column":8},"end":{"line":163,"column":20}},{"start":{"line":163,"column":24},"end":{"line":163,"column":51}}],"line":163}},"s":{"0":1,"1":1,"2":1,"3":1,"4":1,"5":1,"6":1,"7":1,"8":1,"9":1,"10":1,"11":1,"12":2,"13":2,"14":2,"15":0,"16":0,"17":1,"18":3,"19":3,"20":3,"21":1,"22":2,"23":1,"24":1,"25":1,"26":1,"27":1,"28":2,"29":2,"30":2,"31":2,"32":2,"33":2,"34":0,"35":0,"36":1,"37":0,"38":0,"39":0,"40":1,"41":0,"42":0,"43":0,"44":0,"45":0,"46":0,"47":0,"48":0,"49":0,"50":0,"51":1,"52":3,"53":3,"54":3,"55":1,"56":2,"57":1,"58":1,"59":1,"60":1,"61":0,"62":0,"63":0,"64":0,"65":1,"66":1,"67":1},"f":{"0":1,"1":1,"2":2,"3":3,"4":2,"5":0,"6":0,"7":3,"8":1},"b":{"0":[1,1],"1":[2,2],"2":[0,0],"3":[0,0],"4":[0,0],"5":[0,0],"6":[2],"7":[1,2],"8":[1,1],"9":[0,0],"10":[0,0]},"_coverageSchema":"1a1c01bbd47fc00a2c39e90264f33305004495a9","hash":"6b62b133933095f8c6a5d367b50cdb7477e282f8"}
}
