TN:
SF:server.js
FN:11,(anonymous_0)
FN:15,(anonymous_1)
FN:19,(anonymous_2)
FN:35,(anonymous_3)
FN:61,(anonymous_4)
FN:81,(anonymous_5)
FN:94,(anonymous_6)
FN:123,(anonymous_7)
FN:174,(anonymous_8)
FNF:9
FNH:7
FNDA:1,(anonymous_0)
FNDA:1,(anonymous_1)
FNDA:2,(anonymous_2)
FNDA:3,(anonymous_3)
FNDA:2,(anonymous_4)
FNDA:0,(anonymous_5)
FNDA:0,(anonymous_6)
FNDA:3,(anonymous_7)
FNDA:1,(anonymous_8)
DA:1,1
DA:2,1
DA:3,1
DA:4,1
DA:6,1
DA:7,1
DA:9,1
DA:11,1
DA:12,1
DA:15,1
DA:16,1
DA:19,1
DA:20,2
DA:21,2
DA:25,2
DA:30,0
DA:31,0
DA:35,1
DA:36,3
DA:38,3
DA:39,3
DA:44,1
DA:49,2
DA:50,1
DA:54,1
DA:55,1
DA:59,1
DA:61,1
DA:62,2
DA:63,2
DA:67,2
DA:69,2
DA:70,2
DA:71,2
DA:76,0
DA:77,0
DA:81,1
DA:82,0
DA:83,0
DA:88,0
DA:94,1
DA:95,0
DA:97,0
DA:98,0
DA:103,0
DA:104,0
DA:108,0
DA:113,0
DA:114,0
DA:118,0
DA:119,0
DA:123,1
DA:124,3
DA:125,3
DA:128,3
DA:129,1
DA:135,2
DA:136,1
DA:142,1
DA:143,1
DA:152,1
DA:161,0
DA:163,0
DA:164,0
DA:169,0
DA:174,1
DA:175,1
DA:178,1
LF:68
LH:47
BRDA:49,0,0,1
BRDA:49,0,1,1
BRDA:49,1,0,2
BRDA:49,1,1,2
BRDA:82,2,0,0
BRDA:82,2,1,0
BRDA:97,3,0,0
BRDA:97,3,1,0
BRDA:113,4,0,0
BRDA:113,4,1,0
BRDA:113,5,0,0
BRDA:113,5,1,0
BRDA:125,6,0,2
BRDA:128,7,0,1
BRDA:128,7,1,2
BRDA:135,8,0,1
BRDA:135,8,1,1
BRDA:163,9,0,0
BRDA:163,9,1,0
BRDA:163,10,0,0
BRDA:163,10,1,0
BRF:21
BRH:9
end_of_record
